<?xml version="1.0" encoding="UTF-8"?>
<!-- Generated by org.testng.reporters.JUnitXMLReporter -->
<testsuite hostname="welcome-PC" name="Test" tests="4" failures="0" timestamp="15 Aug 2018 06:56:12 GMT" time="61.956" errors="0">
  <testcase name="launch" time="17.913" classname="automationMain.AmazonSearchTest"/>
  <testcase name="productList" time="36.448" classname="automationMain.AmazonSearchTest"/>
  <testcase name="getValues" time="3.105" classname="automationMain.AmazonSearchTest"/>
  <testcase name="close" time="2.519" classname="automationMain.AmazonSearchTest"/>
</testsuite> <!-- Test -->
