<?xml version="1.0" encoding="UTF-8"?>
<testng-results skipped="0" failed="0" total="4" passed="4">
  <reporter-output>
  </reporter-output>
  <suite name="Suite" duration-ms="61956" started-at="2018-08-15T06:55:10Z" finished-at="2018-08-15T06:56:11Z">
    <groups>
    </groups>
    <test name="Test" duration-ms="61956" started-at="2018-08-15T06:55:10Z" finished-at="2018-08-15T06:56:11Z">
      <class name="automationMain.AmazonSearchTest">
        <test-method status="PASS" signature="launch(java.lang.String)[pri:0, instance:automationMain.AmazonSearchTest@59ec2012]" name="launch" duration-ms="17913" started-at="2018-08-15T12:25:11Z" data-provider="Url" finished-at="2018-08-15T12:25:29Z">
          <params>
            <param index="0">
              <value>
                <![CDATA[https://www.amazon.in]]>
              </value>
            </param>
          </params>
          <reporter-output>
          </reporter-output>
        </test-method> <!-- launch -->
        <test-method status="PASS" signature="productList(java.lang.String, java.lang.String)[pri:0, instance:automationMain.AmazonSearchTest@59ec2012]" name="productList" duration-ms="36448" started-at="2018-08-15T12:25:29Z" data-provider="search" depends-on-methods="automationMain.AmazonSearchTest.launch" finished-at="2018-08-15T12:26:06Z">
          <params>
            <param index="0">
              <value>
                <![CDATA[Books]]>
              </value>
            </param>
            <param index="1">
              <value>
                <![CDATA[Data catalog]]>
              </value>
            </param>
          </params>
          <reporter-output>
          </reporter-output>
        </test-method> <!-- productList -->
        <test-method status="PASS" signature="getValues()[pri:0, instance:automationMain.AmazonSearchTest@59ec2012]" name="getValues" duration-ms="3105" started-at="2018-08-15T12:26:06Z" depends-on-methods="automationMain.AmazonSearchTest.productList" finished-at="2018-08-15T12:26:09Z">
          <reporter-output>
          </reporter-output>
        </test-method> <!-- getValues -->
        <test-method status="PASS" signature="close()[pri:0, instance:automationMain.AmazonSearchTest@59ec2012]" name="close" duration-ms="2519" started-at="2018-08-15T12:26:09Z" depends-on-methods="automationMain.AmazonSearchTest.getValues" finished-at="2018-08-15T12:26:11Z">
          <reporter-output>
          </reporter-output>
        </test-method> <!-- close -->
      </class> <!-- automationMain.AmazonSearchTest -->
    </test> <!-- Test -->
  </suite> <!-- Suite -->
</testng-results>
